<?xml version="1.0" encoding="UTF-8"?>
<coverage generated="1642084395467" clover="3.2.0">
  <project timestamp="1642084395467" name="All files">
    <metrics statements="32" coveredstatements="28" conditionals="14" coveredconditionals="12" methods="10" coveredmethods="10" elements="56" coveredelements="50" complexity="0" loc="32" ncloc="32" packages="1" files="1" classes="1"/>
    <file name="ContaBancaria.ts" path="/home/alessandro/Documento/Developer/Typescript/OOP TS/src/models/ContaBancaria.ts">
      <metrics statements="32" coveredstatements="28" conditionals="14" coveredconditionals="12" methods="10" coveredmethods="10"/>
      <line num="1" count="1" type="stmt"/>
      <line num="8" count="5" type="stmt"/>
      <line num="9" count="5" type="cond" truecount="2" falsecount="0"/>
      <line num="10" count="5" type="cond" truecount="2" falsecount="0"/>
      <line num="14" count="2" type="stmt"/>
      <line num="18" count="5" type="cond" truecount="1" falsecount="1"/>
      <line num="19" count="5" type="stmt"/>
      <line num="21" count="0" type="stmt"/>
      <line num="26" count="2" type="stmt"/>
      <line num="30" count="5" type="stmt"/>
      <line num="31" count="5" type="cond" truecount="1" falsecount="1"/>
      <line num="32" count="5" type="stmt"/>
      <line num="34" count="0" type="stmt"/>
      <line num="39" count="3" type="stmt"/>
      <line num="43" count="4" type="cond" truecount="1" falsecount="0"/>
      <line num="44" count="4" type="stmt"/>
      <line num="45" count="4" type="stmt"/>
      <line num="48" count="0" type="stmt"/>
      <line num="52" count="1" type="cond" truecount="3" falsecount="0"/>
      <line num="53" count="1" type="stmt"/>
      <line num="54" count="1" type="stmt"/>
      <line num="57" count="0" type="stmt"/>
      <line num="61" count="10" type="stmt"/>
      <line num="62" count="10" type="cond" truecount="1" falsecount="0"/>
      <line num="63" count="6" type="stmt"/>
      <line num="64" count="6" type="stmt"/>
      <line num="67" count="4" type="stmt"/>
      <line num="71" count="5" type="stmt"/>
      <line num="72" count="5" type="cond" truecount="1" falsecount="0"/>
      <line num="73" count="1" type="stmt"/>
      <line num="74" count="1" type="stmt"/>
      <line num="77" count="4" type="stmt"/>
    </file>
  </project>
</coverage>
