<?xml version="1.0" encoding="UTF-8"?>
<coverage generated="1642790906905" clover="3.2.0">
  <project timestamp="1642790906905" name="All files">
    <metrics statements="31" coveredstatements="27" conditionals="14" coveredconditionals="12" methods="10" coveredmethods="10" elements="55" coveredelements="49" complexity="0" loc="31" ncloc="31" packages="1" files="1" classes="1"/>
    <file name="ContaBancaria.ts" path="/home/alessandro/Documento/Developer/Typescript/OOP TS/src/models/ContaBancaria.ts">
      <metrics statements="31" coveredstatements="27" conditionals="14" coveredconditionals="12" methods="10" coveredmethods="10"/>
      <line num="1" count="1" type="stmt"/>
      <line num="7" count="5" type="stmt"/>
      <line num="8" count="5" type="cond" truecount="2" falsecount="0"/>
      <line num="9" count="5" type="cond" truecount="2" falsecount="0"/>
      <line num="13" count="2" type="stmt"/>
      <line num="17" count="5" type="cond" truecount="1" falsecount="1"/>
      <line num="18" count="5" type="stmt"/>
      <line num="20" count="0" type="stmt"/>
      <line num="25" count="2" type="stmt"/>
      <line num="29" count="5" type="cond" truecount="1" falsecount="1"/>
      <line num="30" count="5" type="stmt"/>
      <line num="32" count="0" type="stmt"/>
      <line num="37" count="3" type="stmt"/>
      <line num="41" count="4" type="cond" truecount="1" falsecount="0"/>
      <line num="42" count="4" type="stmt"/>
      <line num="43" count="4" type="stmt"/>
      <line num="45" count="0" type="stmt"/>
      <line num="49" count="1" type="cond" truecount="3" falsecount="0"/>
      <line num="50" count="1" type="stmt"/>
      <line num="51" count="1" type="stmt"/>
      <line num="53" count="0" type="stmt"/>
      <line num="57" count="10" type="stmt"/>
      <line num="58" count="10" type="cond" truecount="1" falsecount="0"/>
      <line num="59" count="6" type="stmt"/>
      <line num="60" count="6" type="stmt"/>
      <line num="62" count="4" type="stmt"/>
      <line num="66" count="10" type="stmt"/>
      <line num="67" count="10" type="cond" truecount="1" falsecount="0"/>
      <line num="68" count="6" type="stmt"/>
      <line num="69" count="6" type="stmt"/>
      <line num="71" count="4" type="stmt"/>
    </file>
  </project>
</coverage>
