{"/home/alessandro/Documento/Developer/Typescript/OOP TS/src/models/ContaBancaria.ts": {"path":"/home/alessandro/Documento/Developer/Typescript/OOP TS/src/models/ContaBancaria.ts","statementMap":{"0":{"start":{"line":7,"column":4},"end":{"line":7,"column":20}},"1":{"start":{"line":8,"column":4},"end":{"line":8,"column":67}},"2":{"start":{"line":9,"column":4},"end":{"line":9,"column":70}},"3":{"start":{"line":13,"column":4},"end":{"line":13,"column":24}},"4":{"start":{"line":17,"column":4},"end":{"line":21,"column":6}},"5":{"start":{"line":18,"column":6},"end":{"line":18,"column":27}},"6":{"start":{"line":20,"column":4},"end":{"line":20,"column":46}},"7":{"start":{"line":25,"column":4},"end":{"line":25,"column":25}},"8":{"start":{"line":29,"column":4},"end":{"line":33,"column":6}},"9":{"start":{"line":30,"column":6},"end":{"line":30,"column":28}},"10":{"start":{"line":32,"column":4},"end":{"line":32,"column":47}},"11":{"start":{"line":37,"column":4},"end":{"line":37,"column":23}},"12":{"start":{"line":41,"column":4},"end":{"line":44,"column":6}},"13":{"start":{"line":42,"column":6},"end":{"line":42,"column":27}},"14":{"start":{"line":43,"column":6},"end":{"line":43,"column":18}},"15":{"start":{"line":45,"column":4},"end":{"line":45,"column":17}},"16":{"start":{"line":49,"column":4},"end":{"line":52,"column":6}},"17":{"start":{"line":50,"column":6},"end":{"line":50,"column":27}},"18":{"start":{"line":51,"column":6},"end":{"line":51,"column":18}},"19":{"start":{"line":53,"column":4},"end":{"line":53,"column":17}},"20":{"start":{"line":57,"column":18},"end":{"line":57,"column":33}},"21":{"start":{"line":58,"column":4},"end":{"line":61,"column":6}},"22":{"start":{"line":59,"column":6},"end":{"line":59,"column":28}},"23":{"start":{"line":60,"column":6},"end":{"line":60,"column":18}},"24":{"start":{"line":62,"column":4},"end":{"line":62,"column":17}},"25":{"start":{"line":66,"column":18},"end":{"line":66,"column":33}},"26":{"start":{"line":67,"column":4},"end":{"line":70,"column":null}},"27":{"start":{"line":68,"column":6},"end":{"line":68,"column":30}},"28":{"start":{"line":69,"column":6},"end":{"line":69,"column":18}},"29":{"start":{"line":71,"column":4},"end":{"line":71,"column":17}},"30":{"start":{"line":1,"column":0},"end":{"line":1,"column":13}}},"fnMap":{"0":{"name":"(anonymous_0)","decl":{"start":{"line":6,"column":2},"end":{"line":6,"column":14}},"loc":{"start":{"line":6,"column":41},"end":{"line":10,"column":3}}},"1":{"name":"(anonymous_1)","decl":{"start":{"line":12,"column":2},"end":{"line":12,"column":6}},"loc":{"start":{"line":12,"column":12},"end":{"line":14,"column":3}}},"2":{"name":"(anonymous_2)","decl":{"start":{"line":16,"column":2},"end":{"line":16,"column":6}},"loc":{"start":{"line":16,"column":26},"end":{"line":22,"column":3}}},"3":{"name":"(anonymous_3)","decl":{"start":{"line":24,"column":2},"end":{"line":24,"column":6}},"loc":{"start":{"line":24,"column":13},"end":{"line":26,"column":3}}},"4":{"name":"(anonymous_4)","decl":{"start":{"line":28,"column":2},"end":{"line":28,"column":6}},"loc":{"start":{"line":28,"column":27},"end":{"line":34,"column":3}}},"5":{"name":"(anonymous_5)","decl":{"start":{"line":36,"column":2},"end":{"line":36,"column":11}},"loc":{"start":{"line":36,"column":11},"end":{"line":38,"column":3}}},"6":{"name":"(anonymous_6)","decl":{"start":{"line":40,"column":2},"end":{"line":40,"column":11}},"loc":{"start":{"line":40,"column":25},"end":{"line":46,"column":3}}},"7":{"name":"(anonymous_7)","decl":{"start":{"line":48,"column":2},"end":{"line":48,"column":7}},"loc":{"start":{"line":48,"column":21},"end":{"line":54,"column":3}}},"8":{"name":"(anonymous_8)","decl":{"start":{"line":56,"column":10},"end":{"line":56,"column":24}},"loc":{"start":{"line":56,"column":39},"end":{"line":63,"column":3}}},"9":{"name":"(anonymous_9)","decl":{"start":{"line":65,"column":10},"end":{"line":65,"column":25}},"loc":{"start":{"line":65,"column":41},"end":{"line":72,"column":3}}}},"branchMap":{"0":{"loc":{"start":{"line":8,"column":18},"end":{"line":8,"column":66}},"type":"cond-expr","locations":[{"start":{"line":8,"column":48},"end":{"line":8,"column":54}},{"start":{"line":8,"column":57},"end":{"line":8,"column":66}}]},"1":{"loc":{"start":{"line":9,"column":19},"end":{"line":9,"column":69}},"type":"cond-expr","locations":[{"start":{"line":9,"column":51},"end":{"line":9,"column":58}},{"start":{"line":9,"column":61},"end":{"line":9,"column":69}}]},"2":{"loc":{"start":{"line":17,"column":4},"end":{"line":21,"column":6}},"type":"if","locations":[{"start":{"line":17,"column":4},"end":{"line":21,"column":6}},{"start":{"line":19,"column":11},"end":{"line":21,"column":6}}]},"3":{"loc":{"start":{"line":29,"column":4},"end":{"line":33,"column":6}},"type":"if","locations":[{"start":{"line":29,"column":4},"end":{"line":33,"column":6}},{"start":{"line":31,"column":11},"end":{"line":33,"column":6}}]},"4":{"loc":{"start":{"line":41,"column":4},"end":{"line":44,"column":6}},"type":"if","locations":[{"start":{"line":41,"column":4},"end":{"line":44,"column":6}}]},"5":{"loc":{"start":{"line":49,"column":4},"end":{"line":52,"column":6}},"type":"if","locations":[{"start":{"line":49,"column":4},"end":{"line":52,"column":6}}]},"6":{"loc":{"start":{"line":49,"column":8},"end":{"line":49,"column":42}},"type":"binary-expr","locations":[{"start":{"line":49,"column":8},"end":{"line":49,"column":18}},{"start":{"line":49,"column":22},"end":{"line":49,"column":42}}]},"7":{"loc":{"start":{"line":58,"column":4},"end":{"line":61,"column":6}},"type":"if","locations":[{"start":{"line":58,"column":4},"end":{"line":61,"column":6}}]},"8":{"loc":{"start":{"line":67,"column":4},"end":{"line":70,"column":null}},"type":"if","locations":[{"start":{"line":67,"column":4},"end":{"line":70,"column":null}}]}},"s":{"0":5,"1":5,"2":5,"3":2,"4":5,"5":5,"6":0,"7":2,"8":5,"9":5,"10":0,"11":3,"12":4,"13":4,"14":4,"15":0,"16":1,"17":1,"18":1,"19":0,"20":10,"21":10,"22":6,"23":6,"24":4,"25":10,"26":10,"27":6,"28":6,"29":4,"30":1},"f":{"0":5,"1":2,"2":5,"3":2,"4":5,"5":3,"6":4,"7":1,"8":10,"9":10},"b":{"0":[1,4],"1":[1,4],"2":[5,0],"3":[5,0],"4":[4],"5":[1],"6":[1,1],"7":[6],"8":[6]}}
}
