{"/home/alessandro/Documento/Developer/Typescript/OOP TS/src/models/ContaBancaria.ts": {"path":"/home/alessandro/Documento/Developer/Typescript/OOP TS/src/models/ContaBancaria.ts","statementMap":{"0":{"start":{"line":8,"column":8},"end":{"line":8,"column":null}},"1":{"start":{"line":9,"column":8},"end":{"line":9,"column":null}},"2":{"start":{"line":10,"column":8},"end":{"line":10,"column":null}},"3":{"start":{"line":14,"column":8},"end":{"line":14,"column":null}},"4":{"start":{"line":18,"column":8},"end":{"line":22,"column":null}},"5":{"start":{"line":19,"column":12},"end":{"line":19,"column":null}},"6":{"start":{"line":21,"column":12},"end":{"line":21,"column":null}},"7":{"start":{"line":26,"column":8},"end":{"line":26,"column":null}},"8":{"start":{"line":30,"column":22},"end":{"line":30,"column":37}},"9":{"start":{"line":31,"column":8},"end":{"line":35,"column":null}},"10":{"start":{"line":32,"column":12},"end":{"line":32,"column":null}},"11":{"start":{"line":34,"column":12},"end":{"line":34,"column":null}},"12":{"start":{"line":39,"column":8},"end":{"line":39,"column":null}},"13":{"start":{"line":43,"column":8},"end":{"line":46,"column":null}},"14":{"start":{"line":44,"column":12},"end":{"line":44,"column":null}},"15":{"start":{"line":45,"column":12},"end":{"line":45,"column":null}},"16":{"start":{"line":48,"column":8},"end":{"line":48,"column":null}},"17":{"start":{"line":52,"column":8},"end":{"line":55,"column":null}},"18":{"start":{"line":53,"column":12},"end":{"line":53,"column":null}},"19":{"start":{"line":54,"column":12},"end":{"line":54,"column":null}},"20":{"start":{"line":57,"column":8},"end":{"line":57,"column":null}},"21":{"start":{"line":61,"column":22},"end":{"line":61,"column":37}},"22":{"start":{"line":62,"column":8},"end":{"line":65,"column":null}},"23":{"start":{"line":63,"column":12},"end":{"line":63,"column":null}},"24":{"start":{"line":64,"column":12},"end":{"line":64,"column":null}},"25":{"start":{"line":67,"column":8},"end":{"line":67,"column":null}},"26":{"start":{"line":71,"column":22},"end":{"line":71,"column":37}},"27":{"start":{"line":72,"column":8},"end":{"line":75,"column":null}},"28":{"start":{"line":73,"column":12},"end":{"line":73,"column":null}},"29":{"start":{"line":74,"column":12},"end":{"line":74,"column":null}},"30":{"start":{"line":77,"column":8},"end":{"line":77,"column":null}},"31":{"start":{"line":1,"column":0},"end":{"line":1,"column":13}}},"fnMap":{"0":{"name":"(anonymous_0)","decl":{"start":{"line":7,"column":4},"end":{"line":7,"column":16}},"loc":{"start":{"line":7,"column":49},"end":{"line":11,"column":5}}},"1":{"name":"(anonymous_1)","decl":{"start":{"line":13,"column":4},"end":{"line":13,"column":8}},"loc":{"start":{"line":13,"column":14},"end":{"line":15,"column":5}}},"2":{"name":"(anonymous_2)","decl":{"start":{"line":17,"column":4},"end":{"line":17,"column":8}},"loc":{"start":{"line":17,"column":28},"end":{"line":23,"column":5}}},"3":{"name":"(anonymous_3)","decl":{"start":{"line":25,"column":4},"end":{"line":25,"column":8}},"loc":{"start":{"line":25,"column":15},"end":{"line":27,"column":5}}},"4":{"name":"(anonymous_4)","decl":{"start":{"line":29,"column":4},"end":{"line":29,"column":8}},"loc":{"start":{"line":29,"column":29},"end":{"line":36,"column":5}}},"5":{"name":"(anonymous_5)","decl":{"start":{"line":38,"column":4},"end":{"line":38,"column":13}},"loc":{"start":{"line":38,"column":13},"end":{"line":40,"column":5}}},"6":{"name":"(anonymous_6)","decl":{"start":{"line":42,"column":4},"end":{"line":42,"column":13}},"loc":{"start":{"line":42,"column":27},"end":{"line":49,"column":5}}},"7":{"name":"(anonymous_7)","decl":{"start":{"line":51,"column":4},"end":{"line":51,"column":9}},"loc":{"start":{"line":51,"column":23},"end":{"line":58,"column":5}}},"8":{"name":"(anonymous_8)","decl":{"start":{"line":60,"column":12},"end":{"line":60,"column":26}},"loc":{"start":{"line":60,"column":41},"end":{"line":68,"column":5}}},"9":{"name":"(anonymous_9)","decl":{"start":{"line":70,"column":12},"end":{"line":70,"column":27}},"loc":{"start":{"line":70,"column":43},"end":{"line":78,"column":5}}}},"branchMap":{"0":{"loc":{"start":{"line":9,"column":22},"end":{"line":9,"column":70}},"type":"cond-expr","locations":[{"start":{"line":9,"column":52},"end":{"line":9,"column":58}},{"start":{"line":9,"column":61},"end":{"line":9,"column":70}}]},"1":{"loc":{"start":{"line":10,"column":23},"end":{"line":10,"column":73}},"type":"cond-expr","locations":[{"start":{"line":10,"column":55},"end":{"line":10,"column":62}},{"start":{"line":10,"column":65},"end":{"line":10,"column":73}}]},"2":{"loc":{"start":{"line":18,"column":8},"end":{"line":22,"column":null}},"type":"if","locations":[{"start":{"line":18,"column":8},"end":{"line":22,"column":null}},{"start":{"line":20,"column":15},"end":{"line":22,"column":null}}]},"3":{"loc":{"start":{"line":31,"column":8},"end":{"line":35,"column":null}},"type":"if","locations":[{"start":{"line":31,"column":8},"end":{"line":35,"column":null}},{"start":{"line":33,"column":15},"end":{"line":35,"column":null}}]},"4":{"loc":{"start":{"line":43,"column":8},"end":{"line":46,"column":null}},"type":"if","locations":[{"start":{"line":43,"column":8},"end":{"line":46,"column":null}}]},"5":{"loc":{"start":{"line":52,"column":8},"end":{"line":55,"column":null}},"type":"if","locations":[{"start":{"line":52,"column":8},"end":{"line":55,"column":null}}]},"6":{"loc":{"start":{"line":52,"column":12},"end":{"line":52,"column":46}},"type":"binary-expr","locations":[{"start":{"line":52,"column":12},"end":{"line":52,"column":22}},{"start":{"line":52,"column":26},"end":{"line":52,"column":46}}]},"7":{"loc":{"start":{"line":62,"column":8},"end":{"line":65,"column":null}},"type":"if","locations":[{"start":{"line":62,"column":8},"end":{"line":65,"column":null}}]},"8":{"loc":{"start":{"line":72,"column":8},"end":{"line":75,"column":null}},"type":"if","locations":[{"start":{"line":72,"column":8},"end":{"line":75,"column":null}}]}},"s":{"0":5,"1":5,"2":5,"3":2,"4":5,"5":5,"6":0,"7":2,"8":5,"9":5,"10":5,"11":0,"12":3,"13":4,"14":4,"15":4,"16":0,"17":1,"18":1,"19":1,"20":0,"21":10,"22":10,"23":6,"24":6,"25":4,"26":5,"27":5,"28":1,"29":1,"30":4,"31":1},"f":{"0":5,"1":2,"2":5,"3":2,"4":5,"5":3,"6":4,"7":1,"8":10,"9":5},"b":{"0":[1,4],"1":[1,4],"2":[5,0],"3":[5,0],"4":[4],"5":[1],"6":[1,1],"7":[6],"8":[1]}}
}
