TN:
SF:src/models/ContaBancaria.ts
FN:7,(anonymous_0)
FN:13,(anonymous_1)
FN:17,(anonymous_2)
FN:25,(anonymous_3)
FN:29,(anonymous_4)
FN:38,(anonymous_5)
FN:42,(anonymous_6)
FN:51,(anonymous_7)
FN:60,(anonymous_8)
FN:70,(anonymous_9)
FNF:10
FNH:7
FNDA:2,(anonymous_0)
FNDA:2,(anonymous_1)
FNDA:2,(anonymous_2)
FNDA:2,(anonymous_3)
FNDA:2,(anonymous_4)
FNDA:0,(anonymous_5)
FNDA:0,(anonymous_6)
FNDA:0,(anonymous_7)
FNDA:4,(anonymous_8)
FNDA:2,(anonymous_9)
DA:1,1
DA:8,2
DA:9,2
DA:10,2
DA:14,2
DA:18,2
DA:19,2
DA:21,0
DA:26,2
DA:30,2
DA:31,2
DA:32,2
DA:34,0
DA:39,0
DA:43,0
DA:44,0
DA:45,0
DA:48,0
DA:52,0
DA:53,0
DA:54,0
DA:57,0
DA:61,4
DA:62,4
DA:63,3
DA:64,3
DA:67,1
DA:71,2
DA:72,2
DA:73,1
DA:74,1
DA:77,1
LF:32
LH:21
BRDA:9,0,0,1
BRDA:9,0,1,1
BRDA:10,1,0,1
BRDA:10,1,1,1
BRDA:18,2,0,2
BRDA:18,2,1,0
BRDA:31,3,0,2
BRDA:31,3,1,0
BRDA:43,4,0,0
BRDA:52,5,0,0
BRDA:52,6,0,0
BRDA:52,6,1,0
BRDA:62,7,0,3
BRDA:72,8,0,1
BRF:14
BRH:8
end_of_record
