TN:
SF:src/models/ContaBancaria.ts
FN:6,(anonymous_0)
FN:12,(anonymous_1)
FN:16,(anonymous_2)
FN:24,(anonymous_3)
FN:28,(anonymous_4)
FN:36,(anonymous_5)
FN:40,(anonymous_6)
FN:48,(anonymous_7)
FN:56,(anonymous_8)
FN:65,(anonymous_9)
FNF:10
FNH:10
FNDA:5,(anonymous_0)
FNDA:2,(anonymous_1)
FNDA:5,(anonymous_2)
FNDA:2,(anonymous_3)
FNDA:5,(anonymous_4)
FNDA:3,(anonymous_5)
FNDA:4,(anonymous_6)
FNDA:1,(anonymous_7)
FNDA:10,(anonymous_8)
FNDA:10,(anonymous_9)
DA:1,1
DA:7,5
DA:8,5
DA:9,5
DA:13,2
DA:17,5
DA:18,5
DA:20,0
DA:25,2
DA:29,5
DA:30,5
DA:32,0
DA:37,3
DA:41,4
DA:42,4
DA:43,4
DA:45,0
DA:49,1
DA:50,1
DA:51,1
DA:53,0
DA:57,10
DA:58,10
DA:59,6
DA:60,6
DA:62,4
DA:66,10
DA:67,10
DA:68,6
DA:69,6
DA:71,4
LF:31
LH:27
BRDA:8,0,0,1
BRDA:8,0,1,4
BRDA:9,1,0,1
BRDA:9,1,1,4
BRDA:17,2,0,5
BRDA:17,2,1,0
BRDA:29,3,0,5
BRDA:29,3,1,0
BRDA:41,4,0,4
BRDA:49,5,0,1
BRDA:49,6,0,1
BRDA:49,6,1,1
BRDA:58,7,0,6
BRDA:67,8,0,6
BRF:14
BRH:12
end_of_record
